C:\USERS\IT\DOCUMENTS\VISUAL STUDIO 2012\PROJECTS\TRAIN_PROJECT\TRAIN_PROJECT\DEBUG\SOURCE.OBJ
C:\USERS\IT\DOCUMENTS\VISUAL STUDIO 2012\PROJECTS\TRAIN_PROJECT\TRAIN_PROJECT\DEBUG\VC110.PDB
C:\USERS\IT\DOCUMENTS\VISUAL STUDIO 2012\PROJECTS\TRAIN_PROJECT\TRAIN_PROJECT\DEBUG\CAMERA.OBJ
C:\USERS\IT\DOCUMENTS\VISUAL STUDIO 2012\PROJECTS\TRAIN_PROJECT\TRAIN_PROJECT\DEBUG\TEXTURE.OBJ
C:\USERS\IT\DOCUMENTS\VISUAL STUDIO 2012\PROJECTS\TRAIN_PROJECT\DEBUG\TRAIN_PROJECT.ILK
C:\USERS\IT\DOCUMENTS\VISUAL STUDIO 2012\PROJECTS\TRAIN_PROJECT\DEBUG\TRAIN_PROJECT.EXE
C:\USERS\IT\DOCUMENTS\VISUAL STUDIO 2012\PROJECTS\TRAIN_PROJECT\DEBUG\TRAIN_PROJECT.PDB
C:\Users\IT\documents\visual studio 2012\Projects\Train_Project\Train_Project\Debug\Camera.obj
C:\Users\IT\documents\visual studio 2012\Projects\Train_Project\Train_Project\Debug\Source.obj
C:\Users\IT\documents\visual studio 2012\Projects\Train_Project\Train_Project\Debug\texture.obj
C:\Users\IT\documents\visual studio 2012\Projects\Train_Project\Train_Project\Debug\cl.command.1.tlog
C:\Users\IT\documents\visual studio 2012\Projects\Train_Project\Train_Project\Debug\CL.read.1.tlog
C:\Users\IT\documents\visual studio 2012\Projects\Train_Project\Train_Project\Debug\CL.write.1.tlog
C:\Users\IT\documents\visual studio 2012\Projects\Train_Project\Train_Project\Debug\link-cvtres.read.1.tlog
C:\Users\IT\documents\visual studio 2012\Projects\Train_Project\Train_Project\Debug\link-cvtres.write.1.tlog
C:\Users\IT\documents\visual studio 2012\Projects\Train_Project\Train_Project\Debug\link-rc.read.1.tlog
C:\Users\IT\documents\visual studio 2012\Projects\Train_Project\Train_Project\Debug\link-rc.write.1.tlog
C:\Users\IT\documents\visual studio 2012\Projects\Train_Project\Train_Project\Debug\link.10804-cvtres.read.1.tlog
C:\Users\IT\documents\visual studio 2012\Projects\Train_Project\Train_Project\Debug\link.10804-cvtres.write.1.tlog
C:\Users\IT\documents\visual studio 2012\Projects\Train_Project\Train_Project\Debug\link.10804-rc.read.1.tlog
C:\Users\IT\documents\visual studio 2012\Projects\Train_Project\Train_Project\Debug\link.10804-rc.write.1.tlog
C:\Users\IT\documents\visual studio 2012\Projects\Train_Project\Train_Project\Debug\link.10804.read.1.tlog
C:\Users\IT\documents\visual studio 2012\Projects\Train_Project\Train_Project\Debug\link.10804.write.1.tlog
C:\Users\IT\documents\visual studio 2012\Projects\Train_Project\Train_Project\Debug\link.11804-cvtres.read.1.tlog
C:\Users\IT\documents\visual studio 2012\Projects\Train_Project\Train_Project\Debug\link.11804-cvtres.write.1.tlog
C:\Users\IT\documents\visual studio 2012\Projects\Train_Project\Train_Project\Debug\link.11804-rc.read.1.tlog
C:\Users\IT\documents\visual studio 2012\Projects\Train_Project\Train_Project\Debug\link.11804-rc.write.1.tlog
C:\Users\IT\documents\visual studio 2012\Projects\Train_Project\Train_Project\Debug\link.11804.read.1.tlog
C:\Users\IT\documents\visual studio 2012\Projects\Train_Project\Train_Project\Debug\link.11804.write.1.tlog
C:\Users\IT\documents\visual studio 2012\Projects\Train_Project\Train_Project\Debug\link.12240-cvtres.read.1.tlog
C:\Users\IT\documents\visual studio 2012\Projects\Train_Project\Train_Project\Debug\link.12240-cvtres.write.1.tlog
C:\Users\IT\documents\visual studio 2012\Projects\Train_Project\Train_Project\Debug\link.12240-rc.read.1.tlog
C:\Users\IT\documents\visual studio 2012\Projects\Train_Project\Train_Project\Debug\link.12240-rc.write.1.tlog
C:\Users\IT\documents\visual studio 2012\Projects\Train_Project\Train_Project\Debug\link.12240.read.1.tlog
C:\Users\IT\documents\visual studio 2012\Projects\Train_Project\Train_Project\Debug\link.12240.write.1.tlog
C:\Users\IT\documents\visual studio 2012\Projects\Train_Project\Train_Project\Debug\link.14988-cvtres.read.1.tlog
C:\Users\IT\documents\visual studio 2012\Projects\Train_Project\Train_Project\Debug\link.14988-cvtres.write.1.tlog
C:\Users\IT\documents\visual studio 2012\Projects\Train_Project\Train_Project\Debug\link.14988-rc.read.1.tlog
C:\Users\IT\documents\visual studio 2012\Projects\Train_Project\Train_Project\Debug\link.14988-rc.write.1.tlog
C:\Users\IT\documents\visual studio 2012\Projects\Train_Project\Train_Project\Debug\link.14988.read.1.tlog
C:\Users\IT\documents\visual studio 2012\Projects\Train_Project\Train_Project\Debug\link.14988.write.1.tlog
C:\Users\IT\documents\visual studio 2012\Projects\Train_Project\Train_Project\Debug\link.15156-cvtres.read.1.tlog
C:\Users\IT\documents\visual studio 2012\Projects\Train_Project\Train_Project\Debug\link.15156-cvtres.write.1.tlog
C:\Users\IT\documents\visual studio 2012\Projects\Train_Project\Train_Project\Debug\link.15156-rc.read.1.tlog
C:\Users\IT\documents\visual studio 2012\Projects\Train_Project\Train_Project\Debug\link.15156-rc.write.1.tlog
C:\Users\IT\documents\visual studio 2012\Projects\Train_Project\Train_Project\Debug\link.15156.read.1.tlog
C:\Users\IT\documents\visual studio 2012\Projects\Train_Project\Train_Project\Debug\link.15156.write.1.tlog
C:\Users\IT\documents\visual studio 2012\Projects\Train_Project\Train_Project\Debug\link.15432-cvtres.read.1.tlog
C:\Users\IT\documents\visual studio 2012\Projects\Train_Project\Train_Project\Debug\link.15432-cvtres.write.1.tlog
C:\Users\IT\documents\visual studio 2012\Projects\Train_Project\Train_Project\Debug\link.15432-rc.read.1.tlog
C:\Users\IT\documents\visual studio 2012\Projects\Train_Project\Train_Project\Debug\link.15432-rc.write.1.tlog
C:\Users\IT\documents\visual studio 2012\Projects\Train_Project\Train_Project\Debug\link.15432.read.1.tlog
C:\Users\IT\documents\visual studio 2012\Projects\Train_Project\Train_Project\Debug\link.15432.write.1.tlog
C:\Users\IT\documents\visual studio 2012\Projects\Train_Project\Train_Project\Debug\link.16160-cvtres.read.1.tlog
C:\Users\IT\documents\visual studio 2012\Projects\Train_Project\Train_Project\Debug\link.16160-cvtres.write.1.tlog
C:\Users\IT\documents\visual studio 2012\Projects\Train_Project\Train_Project\Debug\link.16160-rc.read.1.tlog
C:\Users\IT\documents\visual studio 2012\Projects\Train_Project\Train_Project\Debug\link.16160-rc.write.1.tlog
C:\Users\IT\documents\visual studio 2012\Projects\Train_Project\Train_Project\Debug\link.16160.read.1.tlog
C:\Users\IT\documents\visual studio 2012\Projects\Train_Project\Train_Project\Debug\link.16160.write.1.tlog
C:\Users\IT\documents\visual studio 2012\Projects\Train_Project\Train_Project\Debug\link.16756-cvtres.read.1.tlog
C:\Users\IT\documents\visual studio 2012\Projects\Train_Project\Train_Project\Debug\link.16756-cvtres.write.1.tlog
C:\Users\IT\documents\visual studio 2012\Projects\Train_Project\Train_Project\Debug\link.16756-rc.read.1.tlog
C:\Users\IT\documents\visual studio 2012\Projects\Train_Project\Train_Project\Debug\link.16756-rc.write.1.tlog
C:\Users\IT\documents\visual studio 2012\Projects\Train_Project\Train_Project\Debug\link.16756.read.1.tlog
C:\Users\IT\documents\visual studio 2012\Projects\Train_Project\Train_Project\Debug\link.16756.write.1.tlog
C:\Users\IT\documents\visual studio 2012\Projects\Train_Project\Train_Project\Debug\link.17172-cvtres.read.1.tlog
C:\Users\IT\documents\visual studio 2012\Projects\Train_Project\Train_Project\Debug\link.17172-cvtres.write.1.tlog
C:\Users\IT\documents\visual studio 2012\Projects\Train_Project\Train_Project\Debug\link.17172-rc.read.1.tlog
C:\Users\IT\documents\visual studio 2012\Projects\Train_Project\Train_Project\Debug\link.17172-rc.write.1.tlog
C:\Users\IT\documents\visual studio 2012\Projects\Train_Project\Train_Project\Debug\link.17172.read.1.tlog
C:\Users\IT\documents\visual studio 2012\Projects\Train_Project\Train_Project\Debug\link.17172.write.1.tlog
C:\Users\IT\documents\visual studio 2012\Projects\Train_Project\Train_Project\Debug\link.17824-cvtres.read.1.tlog
C:\Users\IT\documents\visual studio 2012\Projects\Train_Project\Train_Project\Debug\link.17824-cvtres.write.1.tlog
C:\Users\IT\documents\visual studio 2012\Projects\Train_Project\Train_Project\Debug\link.17824-rc.read.1.tlog
C:\Users\IT\documents\visual studio 2012\Projects\Train_Project\Train_Project\Debug\link.17824-rc.write.1.tlog
C:\Users\IT\documents\visual studio 2012\Projects\Train_Project\Train_Project\Debug\link.17824.read.1.tlog
C:\Users\IT\documents\visual studio 2012\Projects\Train_Project\Train_Project\Debug\link.17824.write.1.tlog
C:\Users\IT\documents\visual studio 2012\Projects\Train_Project\Train_Project\Debug\link.18756-cvtres.read.1.tlog
C:\Users\IT\documents\visual studio 2012\Projects\Train_Project\Train_Project\Debug\link.18756-cvtres.write.1.tlog
C:\Users\IT\documents\visual studio 2012\Projects\Train_Project\Train_Project\Debug\link.18756-rc.read.1.tlog
C:\Users\IT\documents\visual studio 2012\Projects\Train_Project\Train_Project\Debug\link.18756-rc.write.1.tlog
C:\Users\IT\documents\visual studio 2012\Projects\Train_Project\Train_Project\Debug\link.18756.read.1.tlog
C:\Users\IT\documents\visual studio 2012\Projects\Train_Project\Train_Project\Debug\link.18756.write.1.tlog
C:\Users\IT\documents\visual studio 2012\Projects\Train_Project\Train_Project\Debug\link.19884-cvtres.read.1.tlog
C:\Users\IT\documents\visual studio 2012\Projects\Train_Project\Train_Project\Debug\link.19884-cvtres.write.1.tlog
C:\Users\IT\documents\visual studio 2012\Projects\Train_Project\Train_Project\Debug\link.19884-rc.read.1.tlog
C:\Users\IT\documents\visual studio 2012\Projects\Train_Project\Train_Project\Debug\link.19884-rc.write.1.tlog
C:\Users\IT\documents\visual studio 2012\Projects\Train_Project\Train_Project\Debug\link.19884.read.1.tlog
C:\Users\IT\documents\visual studio 2012\Projects\Train_Project\Train_Project\Debug\link.19884.write.1.tlog
C:\Users\IT\documents\visual studio 2012\Projects\Train_Project\Train_Project\Debug\link.3912-cvtres.read.1.tlog
C:\Users\IT\documents\visual studio 2012\Projects\Train_Project\Train_Project\Debug\link.3912-cvtres.write.1.tlog
C:\Users\IT\documents\visual studio 2012\Projects\Train_Project\Train_Project\Debug\link.3912-rc.read.1.tlog
C:\Users\IT\documents\visual studio 2012\Projects\Train_Project\Train_Project\Debug\link.3912-rc.write.1.tlog
C:\Users\IT\documents\visual studio 2012\Projects\Train_Project\Train_Project\Debug\link.3912.read.1.tlog
C:\Users\IT\documents\visual studio 2012\Projects\Train_Project\Train_Project\Debug\link.3912.write.1.tlog
C:\Users\IT\documents\visual studio 2012\Projects\Train_Project\Train_Project\Debug\link.3920-cvtres.read.1.tlog
C:\Users\IT\documents\visual studio 2012\Projects\Train_Project\Train_Project\Debug\link.3920-cvtres.write.1.tlog
C:\Users\IT\documents\visual studio 2012\Projects\Train_Project\Train_Project\Debug\link.3920-rc.read.1.tlog
C:\Users\IT\documents\visual studio 2012\Projects\Train_Project\Train_Project\Debug\link.3920-rc.write.1.tlog
C:\Users\IT\documents\visual studio 2012\Projects\Train_Project\Train_Project\Debug\link.3920.read.1.tlog
C:\Users\IT\documents\visual studio 2012\Projects\Train_Project\Train_Project\Debug\link.3920.write.1.tlog
C:\Users\IT\documents\visual studio 2012\Projects\Train_Project\Train_Project\Debug\link.404-cvtres.read.1.tlog
C:\Users\IT\documents\visual studio 2012\Projects\Train_Project\Train_Project\Debug\link.404-cvtres.write.1.tlog
C:\Users\IT\documents\visual studio 2012\Projects\Train_Project\Train_Project\Debug\link.404-rc.read.1.tlog
C:\Users\IT\documents\visual studio 2012\Projects\Train_Project\Train_Project\Debug\link.404-rc.write.1.tlog
C:\Users\IT\documents\visual studio 2012\Projects\Train_Project\Train_Project\Debug\link.404.read.1.tlog
C:\Users\IT\documents\visual studio 2012\Projects\Train_Project\Train_Project\Debug\link.404.write.1.tlog
C:\Users\IT\documents\visual studio 2012\Projects\Train_Project\Train_Project\Debug\link.4444-cvtres.read.1.tlog
C:\Users\IT\documents\visual studio 2012\Projects\Train_Project\Train_Project\Debug\link.4444-cvtres.write.1.tlog
C:\Users\IT\documents\visual studio 2012\Projects\Train_Project\Train_Project\Debug\link.4444-rc.read.1.tlog
C:\Users\IT\documents\visual studio 2012\Projects\Train_Project\Train_Project\Debug\link.4444-rc.write.1.tlog
C:\Users\IT\documents\visual studio 2012\Projects\Train_Project\Train_Project\Debug\link.4444.read.1.tlog
C:\Users\IT\documents\visual studio 2012\Projects\Train_Project\Train_Project\Debug\link.4444.write.1.tlog
C:\Users\IT\documents\visual studio 2012\Projects\Train_Project\Train_Project\Debug\link.6012-cvtres.read.1.tlog
C:\Users\IT\documents\visual studio 2012\Projects\Train_Project\Train_Project\Debug\link.6012-cvtres.write.1.tlog
C:\Users\IT\documents\visual studio 2012\Projects\Train_Project\Train_Project\Debug\link.6012-rc.read.1.tlog
C:\Users\IT\documents\visual studio 2012\Projects\Train_Project\Train_Project\Debug\link.6012-rc.write.1.tlog
C:\Users\IT\documents\visual studio 2012\Projects\Train_Project\Train_Project\Debug\link.6012.read.1.tlog
C:\Users\IT\documents\visual studio 2012\Projects\Train_Project\Train_Project\Debug\link.6012.write.1.tlog
C:\Users\IT\documents\visual studio 2012\Projects\Train_Project\Train_Project\Debug\link.612-cvtres.read.1.tlog
C:\Users\IT\documents\visual studio 2012\Projects\Train_Project\Train_Project\Debug\link.612-cvtres.write.1.tlog
C:\Users\IT\documents\visual studio 2012\Projects\Train_Project\Train_Project\Debug\link.612-rc.read.1.tlog
C:\Users\IT\documents\visual studio 2012\Projects\Train_Project\Train_Project\Debug\link.612-rc.write.1.tlog
C:\Users\IT\documents\visual studio 2012\Projects\Train_Project\Train_Project\Debug\link.612.read.1.tlog
C:\Users\IT\documents\visual studio 2012\Projects\Train_Project\Train_Project\Debug\link.612.write.1.tlog
C:\Users\IT\documents\visual studio 2012\Projects\Train_Project\Train_Project\Debug\link.8004-cvtres.read.1.tlog
C:\Users\IT\documents\visual studio 2012\Projects\Train_Project\Train_Project\Debug\link.8004-cvtres.write.1.tlog
C:\Users\IT\documents\visual studio 2012\Projects\Train_Project\Train_Project\Debug\link.8004-rc.read.1.tlog
C:\Users\IT\documents\visual studio 2012\Projects\Train_Project\Train_Project\Debug\link.8004-rc.write.1.tlog
C:\Users\IT\documents\visual studio 2012\Projects\Train_Project\Train_Project\Debug\link.8004.read.1.tlog
C:\Users\IT\documents\visual studio 2012\Projects\Train_Project\Train_Project\Debug\link.8004.write.1.tlog
C:\Users\IT\documents\visual studio 2012\Projects\Train_Project\Train_Project\Debug\link.8960-cvtres.read.1.tlog
C:\Users\IT\documents\visual studio 2012\Projects\Train_Project\Train_Project\Debug\link.8960-cvtres.write.1.tlog
C:\Users\IT\documents\visual studio 2012\Projects\Train_Project\Train_Project\Debug\link.8960-rc.read.1.tlog
C:\Users\IT\documents\visual studio 2012\Projects\Train_Project\Train_Project\Debug\link.8960-rc.write.1.tlog
C:\Users\IT\documents\visual studio 2012\Projects\Train_Project\Train_Project\Debug\link.8960.read.1.tlog
C:\Users\IT\documents\visual studio 2012\Projects\Train_Project\Train_Project\Debug\link.8960.write.1.tlog
C:\Users\IT\documents\visual studio 2012\Projects\Train_Project\Train_Project\Debug\link.command.1.tlog
C:\Users\IT\documents\visual studio 2012\Projects\Train_Project\Train_Project\Debug\link.read.1.tlog
C:\Users\IT\documents\visual studio 2012\Projects\Train_Project\Train_Project\Debug\link.write.1.tlog
C:\Users\IT\documents\visual studio 2012\Projects\Train_Project\Train_Project\Debug\vc110.idb
C:\Users\IT\documents\visual studio 2012\Projects\Train_Project\Train_Project\Debug\vc110.pdb
C:\Users\IT\documents\visual studio 2012\Projects\Train_Project\Debug\Train_Project.pdb
C:\Users\IT\documents\visual studio 2012\Projects\Train_Project\Debug\Train_Project.exe
C:\Users\IT\documents\visual studio 2012\Projects\Train_Project\Debug\Train_Project.ilk
